<?xml version="1.0" encoding="UTF-8"?>
<!-- Generated by org.testng.reporters.JUnitXMLReporter -->
<testsuite ignored="0" hostname="DESKTOP-QDAE0HP" failures="0" tests="5" name="Default test" time="10.61" errors="0" timestamp="01 Jun 2021 01:03:54 GMT">
  <testcase classname="testcases.LogInAPI" name="addDataAPI" time="0.243"/>
  <testcase classname="testcases.LogInAPI" name="getDataAPI" time="5.846"/>
  <testcase classname="testcases.LogInAPI" name="editDataAPI" time="0.267"/>
  <testcase classname="testcases.LogInAPI" name="deleteDataAPI" time="2.372"/>
  <testcase classname="testcases.LogInAPI" name="logOutApI" time="0.133"/>
</testsuite> <!-- Default test -->
