<?xml version="1.0" encoding="UTF-8"?>
<!-- Generated by org.testng.reporters.JUnitXMLReporter -->
<testsuite ignored="0" hostname="DESKTOP-QDAE0HP" failures="0" tests="5" name="Test" time="13.621" errors="0" timestamp="01 Jun 2021 01:47:13 GMT">
  <testcase classname="testcases.LogInAPI" name="addDataAPI" time="1.832"/>
  <testcase classname="testcases.LogInAPI" name="getDataAPI" time="5.938"/>
  <testcase classname="testcases.LogInAPI" name="editDataAPI" time="2.641"/>
  <testcase classname="testcases.LogInAPI" name="deleteDataAPI" time="0.172"/>
  <testcase classname="testcases.LogInAPI" name="logOutAPI" time="0.338"/>
</testsuite> <!-- Test -->
