<?xml version="1.0" encoding="UTF-8"?>
<testng-results ignored="0" total="5" passed="5" failed="0" skipped="0">
  <reporter-output>
  </reporter-output>
  <suite started-at="2021-06-01T01:47:00Z" name="Suite" finished-at="2021-06-01T01:47:13Z" duration-ms="13621">
    <groups>
    </groups>
    <test started-at="2021-06-01T01:47:00Z" name="Test" finished-at="2021-06-01T01:47:13Z" duration-ms="13621">
      <class name="testcases.LogInAPI">
        <test-method is-config="true" signature="setup()[pri:0, instance:testcases.LogInAPI@147a5d08]" started-at="2021-06-01T01:47:00Z" name="setup" finished-at="2021-06-01T01:47:00Z" duration-ms="159" status="PASS">
          <reporter-output>
          </reporter-output>
        </test-method> <!-- setup -->
        <test-method is-config="true" signature="loginAPI()[pri:0, instance:testcases.LogInAPI@147a5d08]" started-at="2021-06-01T01:47:00Z" name="loginAPI" finished-at="2021-06-01T01:47:02Z" depends-on-methods="base.BaseTest.setup" duration-ms="2514" status="PASS">
          <reporter-output>
          </reporter-output>
        </test-method> <!-- loginAPI -->
        <test-method is-config="true" signature="settingDependencyBeforeEveryMethod()[pri:0, instance:testcases.LogInAPI@147a5d08]" started-at="2021-06-01T01:47:02Z" name="settingDependencyBeforeEveryMethod" finished-at="2021-06-01T01:47:02Z" duration-ms="0" status="PASS">
          <reporter-output>
          </reporter-output>
        </test-method> <!-- settingDependencyBeforeEveryMethod -->
        <test-method signature="addDataAPI()[pri:1, instance:testcases.LogInAPI@147a5d08]" started-at="2021-06-01T01:47:02Z" name="addDataAPI" finished-at="2021-06-01T01:47:04Z" duration-ms="1832" status="PASS">
          <reporter-output>
          </reporter-output>
        </test-method> <!-- addDataAPI -->
        <test-method signature="getDataAPI()[pri:2, instance:testcases.LogInAPI@147a5d08]" started-at="2021-06-01T01:47:04Z" name="getDataAPI" finished-at="2021-06-01T01:47:10Z" duration-ms="5938" status="PASS">
          <reporter-output>
          </reporter-output>
        </test-method> <!-- getDataAPI -->
        <test-method is-config="true" signature="settingDependencyBeforeEveryMethod()[pri:0, instance:testcases.LogInAPI@147a5d08]" started-at="2021-06-01T01:47:04Z" name="settingDependencyBeforeEveryMethod" finished-at="2021-06-01T01:47:04Z" duration-ms="0" status="PASS">
          <reporter-output>
          </reporter-output>
        </test-method> <!-- settingDependencyBeforeEveryMethod -->
        <test-method signature="editDataAPI()[pri:3, instance:testcases.LogInAPI@147a5d08]" started-at="2021-06-01T01:47:10Z" name="editDataAPI" finished-at="2021-06-01T01:47:13Z" duration-ms="2641" status="PASS">
          <reporter-output>
          </reporter-output>
        </test-method> <!-- editDataAPI -->
        <test-method is-config="true" signature="settingDependencyBeforeEveryMethod()[pri:0, instance:testcases.LogInAPI@147a5d08]" started-at="2021-06-01T01:47:10Z" name="settingDependencyBeforeEveryMethod" finished-at="2021-06-01T01:47:10Z" duration-ms="0" status="PASS">
          <reporter-output>
          </reporter-output>
        </test-method> <!-- settingDependencyBeforeEveryMethod -->
        <test-method is-config="true" signature="settingDependencyBeforeEveryMethod()[pri:0, instance:testcases.LogInAPI@147a5d08]" started-at="2021-06-01T01:47:13Z" name="settingDependencyBeforeEveryMethod" finished-at="2021-06-01T01:47:13Z" duration-ms="1" status="PASS">
          <reporter-output>
          </reporter-output>
        </test-method> <!-- settingDependencyBeforeEveryMethod -->
        <test-method signature="deleteDataAPI()[pri:4, instance:testcases.LogInAPI@147a5d08]" started-at="2021-06-01T01:47:13Z" name="deleteDataAPI" finished-at="2021-06-01T01:47:13Z" duration-ms="172" status="PASS">
          <reporter-output>
          </reporter-output>
        </test-method> <!-- deleteDataAPI -->
        <test-method is-config="true" signature="settingDependencyBeforeEveryMethod()[pri:0, instance:testcases.LogInAPI@147a5d08]" started-at="2021-06-01T01:47:13Z" name="settingDependencyBeforeEveryMethod" finished-at="2021-06-01T01:47:13Z" duration-ms="0" status="PASS">
          <reporter-output>
          </reporter-output>
        </test-method> <!-- settingDependencyBeforeEveryMethod -->
        <test-method signature="logOutAPI()[pri:5, instance:testcases.LogInAPI@147a5d08]" started-at="2021-06-01T01:47:13Z" name="logOutAPI" finished-at="2021-06-01T01:47:13Z" duration-ms="338" status="PASS">
          <reporter-output>
          </reporter-output>
        </test-method> <!-- logOutAPI -->
        <test-method is-config="true" signature="tearDown()[pri:0, instance:testcases.LogInAPI@147a5d08]" started-at="2021-06-01T01:47:13Z" name="tearDown" finished-at="2021-06-01T01:47:13Z" duration-ms="1" status="PASS">
          <reporter-output>
          </reporter-output>
        </test-method> <!-- tearDown -->
      </class> <!-- testcases.LogInAPI -->
    </test> <!-- Test -->
  </suite> <!-- Suite -->
</testng-results>
